2024-07-15 01:53:20,880 INFO ============= Start ============
2024-07-15 01:53:21,270 INFO No evasive samples, sleep...
2024-07-15 01:53:27,278 INFO 03fada7e: [CR,SA,SA,SA,SR] (3, 3) [CR,--,SA,OA,SR]
2024-07-15 01:53:28,981 INFO 38c56a88: [SA,SA,SR,SA,SA,SA,SR,SA] (6, 2) [SA,SA,SR,SA,SA,SA,SR1,SA]
2024-07-15 01:53:29,024 INFO 547ead33: [FAIL] output/minimizer_output/547ead3364b0138daf99beb7b827a4b02ab440f0d34452224a14dbb2a87c59ac.SA.SA.SA.SA.SA.OA.SA.SA
2024-07-15 01:53:29,025 INFO 6a6c8713: [FAIL] output/minimizer_output/6a6c87137a279bca19c1a7d59bd12996b87dbe7f1feb509465c3fcb093d88796.SA1.SR.SA.SR.SA.SR.SA
2024-07-15 01:53:29,026 INFO 74dca7fa: [FAIL] output/minimizer_output/74dca7fa0e0a489ff22d102edf268ae5c2e9798714b54b039477618039c198c4.SA.SA.SA.SA.SA.OA.SA.SA.SA
2024-07-15 01:53:29,027 INFO 95735598: [FAIL] output/minimizer_output/957355989a9ea650e3d0e1a33ff8166c9c2b20891bd7e7f862114e874024a859.CR.SA.SA.SA.SA.OA.SA.SA.SA.SR
2024-07-15 01:53:29,027 INFO a510750c: [FAIL] output/minimizer_output/a510750cd5d533842b656edc6df3b810be3c185534e7ab6b7ce5738a082de334.CR.SA1.SA.OA.SA.SA.SA.SA
2024-07-15 01:53:29,028 INFO a6cf8ec8: [FAIL] output/minimizer_output/a6cf8ec893ce078c64bfc97e7bf46ccc0c785ecbd6a938d7fc6294c7ce5d8e48.CR.SA.SA.SA.OA.SA.SA.SR.SA.SA
2024-07-15 01:53:29,028 INFO b179f30c: [FAIL] output/minimizer_output/b179f30c6f716ed0d914afb61d8c0b4ae405bc6a5afe6d369224b9c21a98fd67.CR.SA.SA.SA1.SA.SA.SA.SA
2024-07-15 01:53:29,029 INFO b73a9bca: [FAIL] output/minimizer_output/b73a9bcad045206463ae3532a0aab200775f6206d424ac108286dc4776616cad.SA.SA.SA
2024-07-15 01:53:29,029 INFO b753ae95: [FAIL] output/minimizer_output/b753ae9514b2b142b965f570c604963bc63650a0c6e3fc2cf9e3ccaa1e1be3a5.SA.SA.OA.SA.SA.SA
2024-07-15 01:53:29,030 INFO d7b8e4cc: [FAIL] output/minimizer_output/d7b8e4cc2c4cc9051b32f240c0390272eeba5384848dc84615ca7f75e45576cb.SA1.SA.SR.SA.SA.SA
2024-07-15 01:53:32,311 INFO 547ead33: [SA,SA,SA,SA,SA,SA,SA,SA] (6, 0) [SA,SA,SA,SA,SA,SA,--,SA]
2024-07-15 01:53:34,345 INFO 6a6c8713: [SA,SR,SA,SR,SA,SR,SA] (0, 3) [OA,SR,SA,SR,SA,SR,SA]
2024-07-15 01:53:34,784 INFO 74dca7fa: [SA,SA,SA,SA,SA,SA,SA,SA,SA] (6, 0) [SA,SA,SA,SA,SA,SA,--,SA,SA]
2024-07-15 01:53:37,496 INFO 95735598: [CR,SA,SA,SA,SA,SA,SA,SA,SA,SR] (6, 0) [CR,SA,SA,SA,SA,SA,--,SA,SA,SR]
2024-07-15 01:53:40,833 INFO a510750c: [CR,SA,SA,SA,SA,SA,SA,SA] (4, 0) [CR,SA1,SA,SA,--,SA,SA,SA]
2024-07-15 01:53:43,140 INFO a6cf8ec8: [CR,SA,SA,SA,SA,SA,SA,SR,SA,SA] (5, 0) [CR,SA,SA,SA,SA,--,SA,SR,SA,SA]
2024-07-15 01:53:49,782 INFO b179f30c: [CR,SA,SA,SA,SA,SA,SA,SA] (3, 3) [CR,SA,SA,OA,SA,SA,SA,SA]
2024-07-15 01:53:50,423 INFO b73a9bca: [SA,SA,SA,SA] (3, 2) [SA,SA,SA,SA1]
2024-07-15 01:53:52,876 INFO b753ae95: [SA,SA,SA,SA,SA,SA] (3, 0) [SA,SA,SA,--,SA,SA]
2024-07-15 01:53:54,555 INFO d7b8e4cc: [SA,SA,SR,SR,SA,SA,SA] (3, 2) [SA1,SA,SR,SR1,SA,SA,SA]
2024-07-15 01:54:08,897 INFO 38c56a88: [FAIL] output/minimizer_output/38c56a8836f00197d20c7a78c9bfdb52dca1c5f94286642d93c0568d039347b1.SA.SA.SR.SA.SA.SA.SR1.SA
2024-07-15 01:54:08,899 INFO 547ead33: [FAIL] output/minimizer_output/547ead3364b0138daf99beb7b827a4b02ab440f0d34452224a14dbb2a87c59ac.SA.SA.SA.SA.SA.SA.SA
2024-07-15 01:54:08,900 INFO 6a6c8713: [FAIL] output/minimizer_output/6a6c87137a279bca19c1a7d59bd12996b87dbe7f1feb509465c3fcb093d88796.OA.SR.SA.SR.SA.SR.SA
2024-07-15 01:54:08,901 INFO 74dca7fa: [FAIL] output/minimizer_output/74dca7fa0e0a489ff22d102edf268ae5c2e9798714b54b039477618039c198c4.SA.SA.SA.SA.SA.SA.SA.SA
2024-07-15 01:54:08,902 INFO 95735598: [FAIL] output/minimizer_output/957355989a9ea650e3d0e1a33ff8166c9c2b20891bd7e7f862114e874024a859.CR.SA.SA.SA.SA.SA.SA.SA.SR
2024-07-15 01:54:08,904 INFO a510750c: [FAIL] output/minimizer_output/a510750cd5d533842b656edc6df3b810be3c185534e7ab6b7ce5738a082de334.CR.SA1.SA.SA.SA.SA.SA
2024-07-15 01:54:10,867 INFO 38c56a88: [SA,SA,SR,SA,SA,SA,SR,SA] (7, 0) [SA,SA,SR,SA,SA,SA,SR,--]
2024-07-15 01:54:14,019 INFO 547ead33: [SA,SA,SA,SA,SA,SA,SA,SA] (6, 2) [SA,SA,SA,SA,SA,SA,SA1,SA]
2024-07-15 01:54:15,823 INFO 6a6c8713: [SA,SR,SA,SR,SA,SR,SA] (1, 0) [SA,--,SA,SR,SA,SR,SA]
2024-07-15 01:54:16,270 INFO 74dca7fa: [SA,SA,SA,SA,SA,SA,SA,SA,SA] (6, 2) [SA,SA,SA,SA,SA,SA,SA1,SA,SA]
2024-07-15 01:54:18,735 INFO 95735598: [CR,SA,SA,SA,SA,SA,SA,SA,SA,SR] (6, 2) [CR,SA,SA,SA,SA,SA,SA1,SA,SA,SR]
2024-07-15 01:54:22,241 INFO a510750c: [CR,SA,SA,SA,SA,SA,SA,SA] (4, 2) [CR,SA1,SA,SA,SA1,SA,SA,SA]
2024-07-15 01:54:22,326 INFO 38c56a88: [FAIL] output/minimizer_output/38c56a8836f00197d20c7a78c9bfdb52dca1c5f94286642d93c0568d039347b1.SA.SA.SR.SA.SA.SA.SR
2024-07-15 01:54:22,328 INFO 547ead33: [FAIL] output/minimizer_output/547ead3364b0138daf99beb7b827a4b02ab440f0d34452224a14dbb2a87c59ac.SA.SA.SA.SA.SA.SA.SA1.SA
2024-07-15 01:54:22,329 INFO 6a6c8713: [FAIL] output/minimizer_output/6a6c87137a279bca19c1a7d59bd12996b87dbe7f1feb509465c3fcb093d88796.SA.SA.SR.SA.SR.SA
2024-07-15 01:54:22,329 INFO 74dca7fa: [FAIL] output/minimizer_output/74dca7fa0e0a489ff22d102edf268ae5c2e9798714b54b039477618039c198c4.SA.SA.SA.SA.SA.SA.SA1.SA.SA
2024-07-15 01:54:22,329 INFO a6cf8ec8: [FAIL] output/minimizer_output/a6cf8ec893ce078c64bfc97e7bf46ccc0c785ecbd6a938d7fc6294c7ce5d8e48.CR.SA.SA.SA.SA.SA.SR.SA.SA
2024-07-15 01:54:22,329 INFO b179f30c: [FAIL] output/minimizer_output/b179f30c6f716ed0d914afb61d8c0b4ae405bc6a5afe6d369224b9c21a98fd67.CR.SA.SA.OA.SA.SA.SA.SA
2024-07-15 01:54:22,330 INFO b73a9bca: [FAIL] output/minimizer_output/b73a9bcad045206463ae3532a0aab200775f6206d424ac108286dc4776616cad.SA.SA.SA.SA1
2024-07-15 01:54:22,330 INFO b753ae95: [FAIL] output/minimizer_output/b753ae9514b2b142b965f570c604963bc63650a0c6e3fc2cf9e3ccaa1e1be3a5.SA.SA.SA.SA.SA
2024-07-15 01:54:24,308 INFO 38c56a88: [SA,SA,SR,SA,SA,SA,SR,SA] (7, 2) [SA,SA,SR,SA,SA,SA,SR,SA1]
2024-07-15 01:54:27,467 INFO 547ead33: [SA,SA,SA,SA,SA,SA,SA,SA] (6, 3) [SA,SA,SA,SA,SA,SA,OA,SA]
2024-07-15 01:54:29,569 INFO 6a6c8713: [SA,SR,SA,SR,SA,SR,SA] (1, 2) [SA,SR1,SA,SR,SA,SR,SA]
2024-07-15 01:54:30,307 INFO 74dca7fa: [SA,SA,SA,SA,SA,SA,SA,SA,SA] (6, 3) [SA,SA,SA,SA,SA,SA,OA,SA,SA]
2024-07-15 01:54:32,674 INFO a6cf8ec8: [CR,SA,SA,SA,SA,SA,SA,SR,SA,SA] (5, 2) [CR,SA,SA,SA,SA,SA1,SA,SR,SA,SA]
2024-07-15 01:54:38,249 INFO b179f30c: [CR,SA,SA,SA,SA,SA,SA,SA] (4, 0) [CR,SA,SA,SA,--,SA,SA,SA]
2024-07-15 01:54:38,812 INFO b73a9bca: [SA,SA,SA,SA] (3, 3) [SA,SA,SA,OA]
2024-07-15 01:54:41,670 INFO b753ae95: [SA,SA,SA,SA,SA,SA] (3, 2) [SA,SA,SA,SA1,SA,SA]
2024-07-15 01:54:41,731 INFO 38c56a88: [FAIL] output/minimizer_output/38c56a8836f00197d20c7a78c9bfdb52dca1c5f94286642d93c0568d039347b1.SA.SA.SR.SA.SA.SA.SR.SA1
2024-07-15 01:54:41,732 INFO 547ead33: [FAIL] output/minimizer_output/547ead3364b0138daf99beb7b827a4b02ab440f0d34452224a14dbb2a87c59ac.SA.SA.SA.SA.SA.SA.OA.SA
2024-07-15 01:54:41,734 INFO 74dca7fa: [FAIL] output/minimizer_output/74dca7fa0e0a489ff22d102edf268ae5c2e9798714b54b039477618039c198c4.SA.SA.SA.SA.SA.SA.OA.SA.SA
2024-07-15 01:54:41,736 INFO 95735598: [FAIL] output/minimizer_output/957355989a9ea650e3d0e1a33ff8166c9c2b20891bd7e7f862114e874024a859.CR.SA.SA.SA.SA.SA.SA1.SA.SA.SR
2024-07-15 01:54:41,738 INFO a6cf8ec8: [FAIL] output/minimizer_output/a6cf8ec893ce078c64bfc97e7bf46ccc0c785ecbd6a938d7fc6294c7ce5d8e48.CR.SA.SA.SA.SA.SA1.SA.SR.SA.SA
2024-07-15 01:54:41,739 INFO b179f30c: [FAIL] output/minimizer_output/b179f30c6f716ed0d914afb61d8c0b4ae405bc6a5afe6d369224b9c21a98fd67.CR.SA.SA.SA.SA.SA.SA
2024-07-15 01:54:41,739 INFO b73a9bca: [FAIL] output/minimizer_output/b73a9bcad045206463ae3532a0aab200775f6206d424ac108286dc4776616cad.SA.SA.SA.OA
2024-07-15 01:54:41,739 ERROR sha256
2024-07-15 01:54:41,739 ERROR b73a9bcad045206463ae3532a0aab200775f6206d424ac108286dc4776616cad
2024-07-15 01:54:41,739 ERROR evasive_folder
2024-07-15 01:54:41,739 ERROR output/evasive/
2024-07-15 01:54:41,739 ERROR cannot find original evasive sample
